Sep 26, 2019 9:38:30 AM org.apache.catalina.startup.VersionLoggerListener log
INFO: Server version:        Apache Tomcat/7.0.68
Sep 26, 2019 9:38:30 AM org.apache.catalina.startup.VersionLoggerListener log
INFO: Server built:          Feb 8 2016 20:25:54 UTC
Sep 26, 2019 9:38:30 AM org.apache.catalina.startup.VersionLoggerListener log
INFO: Server number:         7.0.68.0
Sep 26, 2019 9:38:30 AM org.apache.catalina.startup.VersionLoggerListener log
INFO: OS Name:               Windows 10
Sep 26, 2019 9:38:30 AM org.apache.catalina.startup.VersionLoggerListener log
INFO: OS Version:            10.0
Sep 26, 2019 9:38:30 AM org.apache.catalina.startup.VersionLoggerListener log
INFO: Architecture:          amd64
Sep 26, 2019 9:38:30 AM org.apache.catalina.startup.VersionLoggerListener log
INFO: Java Home:             C:\Program Files\Java\jre1.8.0_201
Sep 26, 2019 9:38:30 AM org.apache.catalina.startup.VersionLoggerListener log
INFO: JVM Version:           1.8.0_201-b09
Sep 26, 2019 9:38:30 AM org.apache.catalina.startup.VersionLoggerListener log
INFO: JVM Vendor:            Oracle Corporation
Sep 26, 2019 9:38:30 AM org.apache.catalina.startup.VersionLoggerListener log
INFO: CATALINA_BASE:         C:\jenkins_software\Apache-Tomcat
Sep 26, 2019 9:38:30 AM org.apache.catalina.startup.VersionLoggerListener log
INFO: CATALINA_HOME:         C:\jenkins_software\Apache-Tomcat
Sep 26, 2019 9:38:30 AM org.apache.catalina.startup.VersionLoggerListener log
INFO: Command line argument: -Dcatalina.home=C:\jenkins_software\Apache-Tomcat
Sep 26, 2019 9:38:30 AM org.apache.catalina.startup.VersionLoggerListener log
INFO: Command line argument: -Dcatalina.base=C:\jenkins_software\Apache-Tomcat
Sep 26, 2019 9:38:30 AM org.apache.catalina.startup.VersionLoggerListener log
INFO: Command line argument: -Djava.endorsed.dirs=C:\jenkins_software\Apache-Tomcat\endorsed
Sep 26, 2019 9:38:30 AM org.apache.catalina.startup.VersionLoggerListener log
INFO: Command line argument: -Djava.io.tmpdir=C:\jenkins_software\Apache-Tomcat\temp
Sep 26, 2019 9:38:30 AM org.apache.catalina.startup.VersionLoggerListener log
INFO: Command line argument: -Djava.util.logging.manager=org.apache.juli.ClassLoaderLogManager
Sep 26, 2019 9:38:31 AM org.apache.catalina.startup.VersionLoggerListener log
INFO: Command line argument: -Djava.util.logging.config.file=C:\jenkins_software\Apache-Tomcat\conf\logging.properties
Sep 26, 2019 9:38:31 AM org.apache.catalina.startup.VersionLoggerListener log
INFO: Command line argument: exit
Sep 26, 2019 9:38:31 AM org.apache.catalina.startup.VersionLoggerListener log
INFO: Command line argument: -Xms128m
Sep 26, 2019 9:38:31 AM org.apache.catalina.startup.VersionLoggerListener log
INFO: Command line argument: -Xmx256m
Sep 26, 2019 9:38:31 AM org.apache.catalina.core.AprLifecycleListener lifecycleEvent
INFO: The APR based Apache Tomcat Native library which allows optimal performance in production environments was not found on the java.library.path: C:\jenkins_software\Apache-Tomcat\bin;C:\windows\Sun\Java\bin;C:\windows\system32;C:\windows;C:\Program Files (x86)\Common Files\Oracle\Java\javapath;C:\windows\system32;C:\windows;C:\windows\System32\Wbem;C:\windows\System32\WindowsPowerShell\v1.0\;C:\windows\System32\OpenSSH\;C:\Program Files\PuTTY\;C:\windows\system32\config\systemprofile\AppData\Local\Microsoft\WindowsApps;.
Sep 26, 2019 9:38:32 AM org.apache.coyote.AbstractProtocol init
INFO: Initializing ProtocolHandler ["http-bio-8085"]
Sep 26, 2019 9:38:32 AM org.apache.coyote.AbstractProtocol init
INFO: Initializing ProtocolHandler ["ajp-bio-8009"]
Sep 26, 2019 9:38:32 AM org.apache.catalina.startup.Catalina load
INFO: Initialization processed in 4519 ms
Sep 26, 2019 9:38:32 AM org.apache.catalina.core.StandardService startInternal
INFO: Starting service Catalina
Sep 26, 2019 9:38:32 AM org.apache.catalina.core.StandardEngine startInternal
INFO: Starting Servlet Engine: Apache Tomcat/7.0.68
Sep 26, 2019 9:38:32 AM org.apache.catalina.startup.HostConfig deployDirectory
INFO: Deploying web application directory C:\jenkins_software\Apache-Tomcat\webapps\docs
Sep 26, 2019 9:38:33 AM org.apache.catalina.util.SessionIdGeneratorBase createSecureRandom
INFO: Creation of SecureRandom instance for session ID generation using [SHA1PRNG] took [156] milliseconds.
Sep 26, 2019 9:38:33 AM org.apache.catalina.startup.HostConfig deployDirectory
INFO: Deployment of web application directory C:\jenkins_software\Apache-Tomcat\webapps\docs has finished in 1,109 ms
Sep 26, 2019 9:38:33 AM org.apache.catalina.startup.HostConfig deployDirectory
INFO: Deploying web application directory C:\jenkins_software\Apache-Tomcat\webapps\manager
Sep 26, 2019 9:38:33 AM org.apache.catalina.startup.HostConfig deployDirectory
INFO: Deployment of web application directory C:\jenkins_software\Apache-Tomcat\webapps\manager has finished in 156 ms
Sep 26, 2019 9:38:33 AM org.apache.catalina.startup.HostConfig deployDirectory
INFO: Deploying web application directory C:\jenkins_software\Apache-Tomcat\webapps\ROOT
Sep 26, 2019 9:38:33 AM org.apache.catalina.startup.HostConfig deployDirectory
INFO: Deployment of web application directory C:\jenkins_software\Apache-Tomcat\webapps\ROOT has finished in 63 ms
Sep 26, 2019 9:38:33 AM org.apache.coyote.AbstractProtocol start
INFO: Starting ProtocolHandler ["http-bio-8085"]
Sep 26, 2019 9:38:33 AM org.apache.coyote.AbstractProtocol start
INFO: Starting ProtocolHandler ["ajp-bio-8009"]
Sep 26, 2019 9:38:33 AM org.apache.catalina.startup.Catalina start
INFO: Server startup in 1503 ms
Sep 26, 2019 10:57:27 AM org.apache.catalina.startup.HostConfig deployWAR
INFO: Deploying web application archive C:\jenkins_software\Apache-Tomcat\webapps\HelloWorld.war
Sep 26, 2019 10:57:28 AM org.apache.catalina.loader.WebappClassLoaderBase validateJarFile
INFO: validateJarFile(C:\jenkins_software\Apache-Tomcat\webapps\HelloWorld\WEB-INF\lib\javax.servlet-api-3.1.0.jar) - jar not loaded. See Servlet Spec 3.0, section 10.7.2. Offending class: javax/servlet/Servlet.class
Sep 26, 2019 10:57:28 AM org.apache.catalina.loader.WebappClassLoaderBase validateJarFile
INFO: validateJarFile(C:\jenkins_software\Apache-Tomcat\webapps\HelloWorld\WEB-INF\lib\jetty-repacked-9.2.13.v20160825.jar) - jar not loaded. See Servlet Spec 3.0, section 10.7.2. Offending class: javax/servlet/Servlet.class
Sep 26, 2019 10:57:33 AM org.apache.catalina.startup.TldConfig execute
INFO: At least one JAR was scanned for TLDs yet contained no TLDs. Enable debug logging for this logger for a complete list of JARs that were scanned but no TLDs were found in them. Skipping unneeded JARs during scanning can improve startup time and JSP compilation time.
Sep 26, 2019 10:57:33 AM org.apache.catalina.startup.HostConfig deployWAR
INFO: Deployment of web application archive C:\jenkins_software\Apache-Tomcat\webapps\HelloWorld.war has finished in 5,179 ms
Sep 26, 2019 11:30:50 AM org.apache.coyote.AbstractProtocol pause
INFO: Pausing ProtocolHandler ["http-bio-8085"]
Sep 26, 2019 11:30:50 AM org.apache.coyote.AbstractProtocol pause
INFO: Pausing ProtocolHandler ["ajp-bio-8009"]
Sep 26, 2019 11:30:50 AM org.apache.catalina.core.StandardService stopInternal
INFO: Stopping service Catalina
Sep 26, 2019 11:30:50 AM org.apache.coyote.AbstractProtocol stop
INFO: Stopping ProtocolHandler ["http-bio-8085"]
Sep 26, 2019 11:30:50 AM org.apache.coyote.AbstractProtocol stop
INFO: Stopping ProtocolHandler ["ajp-bio-8009"]
Sep 26, 2019 11:30:56 AM org.apache.catalina.startup.VersionLoggerListener log
INFO: Server version:        Apache Tomcat/7.0.68
Sep 26, 2019 11:30:56 AM org.apache.catalina.startup.VersionLoggerListener log
INFO: Server built:          Feb 8 2016 20:25:54 UTC
Sep 26, 2019 11:30:56 AM org.apache.catalina.startup.VersionLoggerListener log
INFO: Server number:         7.0.68.0
Sep 26, 2019 11:30:56 AM org.apache.catalina.startup.VersionLoggerListener log
INFO: OS Name:               Windows 10
Sep 26, 2019 11:30:56 AM org.apache.catalina.startup.VersionLoggerListener log
INFO: OS Version:            10.0
Sep 26, 2019 11:30:56 AM org.apache.catalina.startup.VersionLoggerListener log
INFO: Architecture:          amd64
Sep 26, 2019 11:30:56 AM org.apache.catalina.startup.VersionLoggerListener log
INFO: Java Home:             C:\Program Files\Java\jre1.8.0_201
Sep 26, 2019 11:30:56 AM org.apache.catalina.startup.VersionLoggerListener log
INFO: JVM Version:           1.8.0_201-b09
Sep 26, 2019 11:30:56 AM org.apache.catalina.startup.VersionLoggerListener log
INFO: JVM Vendor:            Oracle Corporation
Sep 26, 2019 11:30:56 AM org.apache.catalina.startup.VersionLoggerListener log
INFO: CATALINA_BASE:         C:\jenkins_software\Apache-Tomcat
Sep 26, 2019 11:30:56 AM org.apache.catalina.startup.VersionLoggerListener log
INFO: CATALINA_HOME:         C:\jenkins_software\Apache-Tomcat
Sep 26, 2019 11:30:56 AM org.apache.catalina.startup.VersionLoggerListener log
INFO: Command line argument: -Dcatalina.home=C:\jenkins_software\Apache-Tomcat
Sep 26, 2019 11:30:56 AM org.apache.catalina.startup.VersionLoggerListener log
INFO: Command line argument: -Dcatalina.base=C:\jenkins_software\Apache-Tomcat
Sep 26, 2019 11:30:56 AM org.apache.catalina.startup.VersionLoggerListener log
INFO: Command line argument: -Djava.endorsed.dirs=C:\jenkins_software\Apache-Tomcat\endorsed
Sep 26, 2019 11:30:56 AM org.apache.catalina.startup.VersionLoggerListener log
INFO: Command line argument: -Djava.io.tmpdir=C:\jenkins_software\Apache-Tomcat\temp
Sep 26, 2019 11:30:56 AM org.apache.catalina.startup.VersionLoggerListener log
INFO: Command line argument: -Djava.util.logging.manager=org.apache.juli.ClassLoaderLogManager
Sep 26, 2019 11:30:56 AM org.apache.catalina.startup.VersionLoggerListener log
INFO: Command line argument: -Djava.util.logging.config.file=C:\jenkins_software\Apache-Tomcat\conf\logging.properties
Sep 26, 2019 11:30:56 AM org.apache.catalina.startup.VersionLoggerListener log
INFO: Command line argument: exit
Sep 26, 2019 11:30:56 AM org.apache.catalina.startup.VersionLoggerListener log
INFO: Command line argument: -Xms128m
Sep 26, 2019 11:30:56 AM org.apache.catalina.startup.VersionLoggerListener log
INFO: Command line argument: -Xmx256m
Sep 26, 2019 11:30:56 AM org.apache.catalina.core.AprLifecycleListener lifecycleEvent
INFO: The APR based Apache Tomcat Native library which allows optimal performance in production environments was not found on the java.library.path: C:\jenkins_software\Apache-Tomcat\bin;C:\windows\Sun\Java\bin;C:\windows\system32;C:\windows;C:\Program Files (x86)\Common Files\Oracle\Java\javapath;C:\windows\system32;C:\windows;C:\windows\System32\Wbem;C:\windows\System32\WindowsPowerShell\v1.0\;C:\windows\System32\OpenSSH\;C:\Program Files\PuTTY\;C:\windows\system32\config\systemprofile\AppData\Local\Microsoft\WindowsApps;.
Sep 26, 2019 11:30:56 AM org.apache.coyote.AbstractProtocol init
INFO: Initializing ProtocolHandler ["http-bio-8085"]
Sep 26, 2019 11:30:56 AM org.apache.coyote.AbstractProtocol init
INFO: Initializing ProtocolHandler ["ajp-bio-8009"]
Sep 26, 2019 11:30:56 AM org.apache.catalina.startup.Catalina load
INFO: Initialization processed in 585 ms
Sep 26, 2019 11:30:56 AM org.apache.catalina.core.StandardService startInternal
INFO: Starting service Catalina
Sep 26, 2019 11:30:56 AM org.apache.catalina.core.StandardEngine startInternal
INFO: Starting Servlet Engine: Apache Tomcat/7.0.68
Sep 26, 2019 11:30:56 AM org.apache.catalina.startup.HostConfig deployWAR
INFO: Deploying web application archive C:\jenkins_software\Apache-Tomcat\webapps\HelloWorld.war
Sep 26, 2019 11:30:57 AM org.apache.catalina.loader.WebappClassLoaderBase validateJarFile
INFO: validateJarFile(C:\jenkins_software\Apache-Tomcat\webapps\HelloWorld\WEB-INF\lib\javax.servlet-api-3.1.0.jar) - jar not loaded. See Servlet Spec 3.0, section 10.7.2. Offending class: javax/servlet/Servlet.class
Sep 26, 2019 11:30:57 AM org.apache.catalina.loader.WebappClassLoaderBase validateJarFile
INFO: validateJarFile(C:\jenkins_software\Apache-Tomcat\webapps\HelloWorld\WEB-INF\lib\jetty-repacked-9.2.13.v20160825.jar) - jar not loaded. See Servlet Spec 3.0, section 10.7.2. Offending class: javax/servlet/Servlet.class
Sep 26, 2019 11:30:59 AM org.apache.catalina.startup.TldConfig execute
INFO: At least one JAR was scanned for TLDs yet contained no TLDs. Enable debug logging for this logger for a complete list of JARs that were scanned but no TLDs were found in them. Skipping unneeded JARs during scanning can improve startup time and JSP compilation time.
Sep 26, 2019 11:30:59 AM org.apache.catalina.util.SessionIdGeneratorBase createSecureRandom
INFO: Creation of SecureRandom instance for session ID generation using [SHA1PRNG] took [344] milliseconds.
Sep 26, 2019 11:30:59 AM org.apache.catalina.startup.HostConfig deployWAR
INFO: Deployment of web application archive C:\jenkins_software\Apache-Tomcat\webapps\HelloWorld.war has finished in 2,703 ms
Sep 26, 2019 11:30:59 AM org.apache.catalina.startup.HostConfig deployDirectory
INFO: Deploying web application directory C:\jenkins_software\Apache-Tomcat\webapps\docs
Sep 26, 2019 11:30:59 AM org.apache.catalina.startup.HostConfig deployDirectory
INFO: Deployment of web application directory C:\jenkins_software\Apache-Tomcat\webapps\docs has finished in 78 ms
Sep 26, 2019 11:30:59 AM org.apache.catalina.startup.HostConfig deployDirectory
INFO: Deploying web application directory C:\jenkins_software\Apache-Tomcat\webapps\manager
Sep 26, 2019 11:30:59 AM org.apache.catalina.startup.HostConfig deployDirectory
INFO: Deployment of web application directory C:\jenkins_software\Apache-Tomcat\webapps\manager has finished in 94 ms
Sep 26, 2019 11:30:59 AM org.apache.catalina.startup.HostConfig deployDirectory
INFO: Deploying web application directory C:\jenkins_software\Apache-Tomcat\webapps\ROOT
Sep 26, 2019 11:30:59 AM org.apache.catalina.startup.HostConfig deployDirectory
INFO: Deployment of web application directory C:\jenkins_software\Apache-Tomcat\webapps\ROOT has finished in 62 ms
Sep 26, 2019 11:30:59 AM org.apache.coyote.AbstractProtocol start
INFO: Starting ProtocolHandler ["http-bio-8085"]
Sep 26, 2019 11:30:59 AM org.apache.coyote.AbstractProtocol start
INFO: Starting ProtocolHandler ["ajp-bio-8009"]
Sep 26, 2019 11:30:59 AM org.apache.catalina.startup.Catalina start
INFO: Server startup in 2994 ms
Sep 26, 2019 11:33:19 AM org.apache.catalina.startup.HostConfig undeploy
INFO: Undeploying context [/HelloWorld]
Sep 26, 2019 11:33:19 AM org.apache.catalina.startup.HostConfig deployWAR
INFO: Deploying web application archive C:\jenkins_software\Apache-Tomcat\webapps\HelloWorld.war
Sep 26, 2019 11:33:20 AM org.apache.catalina.loader.WebappClassLoaderBase validateJarFile
INFO: validateJarFile(C:\jenkins_software\Apache-Tomcat\webapps\HelloWorld\WEB-INF\lib\javax.servlet-api-3.1.0.jar) - jar not loaded. See Servlet Spec 3.0, section 10.7.2. Offending class: javax/servlet/Servlet.class
Sep 26, 2019 11:33:20 AM org.apache.catalina.loader.WebappClassLoaderBase validateJarFile
INFO: validateJarFile(C:\jenkins_software\Apache-Tomcat\webapps\HelloWorld\WEB-INF\lib\jetty-repacked-9.2.13.v20160825.jar) - jar not loaded. See Servlet Spec 3.0, section 10.7.2. Offending class: javax/servlet/Servlet.class
Sep 26, 2019 11:33:22 AM org.apache.catalina.startup.TldConfig execute
INFO: At least one JAR was scanned for TLDs yet contained no TLDs. Enable debug logging for this logger for a complete list of JARs that were scanned but no TLDs were found in them. Skipping unneeded JARs during scanning can improve startup time and JSP compilation time.
Sep 26, 2019 11:33:22 AM org.apache.catalina.startup.HostConfig deployWAR
INFO: Deployment of web application archive C:\jenkins_software\Apache-Tomcat\webapps\HelloWorld.war has finished in 2,895 ms
Sep 26, 2019 11:36:15 AM org.apache.catalina.startup.HostConfig undeploy
INFO: Undeploying context [/HelloWorld]
Sep 26, 2019 11:36:15 AM org.apache.catalina.startup.HostConfig deployWAR
INFO: Deploying web application archive C:\jenkins_software\Apache-Tomcat\webapps\HelloWorld.war
Sep 26, 2019 11:36:17 AM org.apache.catalina.loader.WebappClassLoaderBase validateJarFile
INFO: validateJarFile(C:\jenkins_software\Apache-Tomcat\webapps\HelloWorld\WEB-INF\lib\javax.servlet-api-3.1.0.jar) - jar not loaded. See Servlet Spec 3.0, section 10.7.2. Offending class: javax/servlet/Servlet.class
Sep 26, 2019 11:36:17 AM org.apache.catalina.loader.WebappClassLoaderBase validateJarFile
INFO: validateJarFile(C:\jenkins_software\Apache-Tomcat\webapps\HelloWorld\WEB-INF\lib\jetty-repacked-9.2.13.v20160825.jar) - jar not loaded. See Servlet Spec 3.0, section 10.7.2. Offending class: javax/servlet/Servlet.class
Sep 26, 2019 11:36:18 AM org.apache.catalina.startup.TldConfig execute
INFO: At least one JAR was scanned for TLDs yet contained no TLDs. Enable debug logging for this logger for a complete list of JARs that were scanned but no TLDs were found in them. Skipping unneeded JARs during scanning can improve startup time and JSP compilation time.
Sep 26, 2019 11:36:18 AM org.apache.catalina.startup.HostConfig deployWAR
INFO: Deployment of web application archive C:\jenkins_software\Apache-Tomcat\webapps\HelloWorld.war has finished in 2,656 ms
Sep 26, 2019 12:11:15 PM org.apache.catalina.startup.HostConfig undeploy
INFO: Undeploying context [/HelloWorld]
Sep 26, 2019 12:11:15 PM org.apache.catalina.startup.HostConfig deployWAR
INFO: Deploying web application archive C:\jenkins_software\Apache-Tomcat\webapps\HelloWorld.war
Sep 26, 2019 12:11:16 PM org.apache.catalina.loader.WebappClassLoaderBase validateJarFile
INFO: validateJarFile(C:\jenkins_software\Apache-Tomcat\webapps\HelloWorld\WEB-INF\lib\javax.servlet-api-3.1.0.jar) - jar not loaded. See Servlet Spec 3.0, section 10.7.2. Offending class: javax/servlet/Servlet.class
Sep 26, 2019 12:11:16 PM org.apache.catalina.loader.WebappClassLoaderBase validateJarFile
INFO: validateJarFile(C:\jenkins_software\Apache-Tomcat\webapps\HelloWorld\WEB-INF\lib\jetty-repacked-9.2.13.v20160825.jar) - jar not loaded. See Servlet Spec 3.0, section 10.7.2. Offending class: javax/servlet/Servlet.class
Sep 26, 2019 12:11:18 PM org.apache.catalina.startup.TldConfig execute
INFO: At least one JAR was scanned for TLDs yet contained no TLDs. Enable debug logging for this logger for a complete list of JARs that were scanned but no TLDs were found in them. Skipping unneeded JARs during scanning can improve startup time and JSP compilation time.
Sep 26, 2019 12:11:18 PM org.apache.catalina.startup.HostConfig deployWAR
INFO: Deployment of web application archive C:\jenkins_software\Apache-Tomcat\webapps\HelloWorld.war has finished in 2,099 ms
Sep 26, 2019 2:36:50 PM org.apache.catalina.startup.HostConfig deployWAR
INFO: Deploying web application archive C:\jenkins_software\Apache-Tomcat\webapps\HelloPet.war
Sep 26, 2019 2:36:58 PM org.apache.catalina.startup.TldConfig execute
INFO: At least one JAR was scanned for TLDs yet contained no TLDs. Enable debug logging for this logger for a complete list of JARs that were scanned but no TLDs were found in them. Skipping unneeded JARs during scanning can improve startup time and JSP compilation time.
Sep 26, 2019 2:37:09 PM org.apache.catalina.startup.HostConfig deployWAR
INFO: Deployment of web application archive C:\jenkins_software\Apache-Tomcat\webapps\HelloPet.war has finished in 18,473 ms
Sep 26, 2019 3:35:56 PM org.apache.catalina.loader.WebappClassLoaderBase clearReferencesJdbc
SEVERE: The web application [/HelloPet] registered the JDBC driver [org.hsqldb.jdbc.JDBCDriver] but failed to unregister it when the web application was stopped. To prevent a memory leak, the JDBC Driver has been forcibly unregistered.
Sep 26, 2019 3:35:56 PM org.apache.catalina.loader.WebappClassLoaderBase clearReferencesThreads
SEVERE: The web application [/HelloPet] appears to have started a thread named [Tomcat JDBC Pool Cleaner[1431184940:1569488822272]] but has failed to stop it. This is very likely to create a memory leak.
Sep 26, 2019 3:35:59 PM org.apache.catalina.startup.HostConfig undeploy
INFO: Undeploying context [/HelloPet]
Sep 26, 2019 3:36:00 PM org.apache.catalina.startup.HostConfig deployWAR
INFO: Deploying web application archive C:\jenkins_software\Apache-Tomcat\webapps\HelloPet.war
Sep 26, 2019 3:36:14 PM org.apache.catalina.startup.TldConfig execute
INFO: At least one JAR was scanned for TLDs yet contained no TLDs. Enable debug logging for this logger for a complete list of JARs that were scanned but no TLDs were found in them. Skipping unneeded JARs during scanning can improve startup time and JSP compilation time.
Sep 26, 2019 3:36:22 PM org.apache.catalina.startup.HostConfig deployWAR
INFO: Deployment of web application archive C:\jenkins_software\Apache-Tomcat\webapps\HelloPet.war has finished in 22,035 ms
