Sep 25, 2019 5:03:53 PM org.apache.catalina.startup.VersionLoggerListener log
INFO: Server version:        Apache Tomcat/7.0.68
Sep 25, 2019 5:03:53 PM org.apache.catalina.startup.VersionLoggerListener log
INFO: Server built:          Feb 8 2016 20:25:54 UTC
Sep 25, 2019 5:03:53 PM org.apache.catalina.startup.VersionLoggerListener log
INFO: Server number:         7.0.68.0
Sep 25, 2019 5:03:53 PM org.apache.catalina.startup.VersionLoggerListener log
INFO: OS Name:               Windows 10
Sep 25, 2019 5:03:53 PM org.apache.catalina.startup.VersionLoggerListener log
INFO: OS Version:            10.0
Sep 25, 2019 5:03:53 PM org.apache.catalina.startup.VersionLoggerListener log
INFO: Architecture:          amd64
Sep 25, 2019 5:03:53 PM org.apache.catalina.startup.VersionLoggerListener log
INFO: Java Home:             C:\Program Files\Java\jre1.8.0_201
Sep 25, 2019 5:03:53 PM org.apache.catalina.startup.VersionLoggerListener log
INFO: JVM Version:           1.8.0_201-b09
Sep 25, 2019 5:03:53 PM org.apache.catalina.startup.VersionLoggerListener log
INFO: JVM Vendor:            Oracle Corporation
Sep 25, 2019 5:03:53 PM org.apache.catalina.startup.VersionLoggerListener log
INFO: CATALINA_BASE:         C:\jenkins_software\Apache-Tomcat
Sep 25, 2019 5:03:53 PM org.apache.catalina.startup.VersionLoggerListener log
INFO: CATALINA_HOME:         C:\jenkins_software\Apache-Tomcat
Sep 25, 2019 5:03:53 PM org.apache.catalina.startup.VersionLoggerListener log
INFO: Command line argument: -Dcatalina.home=C:\jenkins_software\Apache-Tomcat
Sep 25, 2019 5:03:53 PM org.apache.catalina.startup.VersionLoggerListener log
INFO: Command line argument: -Dcatalina.base=C:\jenkins_software\Apache-Tomcat
Sep 25, 2019 5:03:53 PM org.apache.catalina.startup.VersionLoggerListener log
INFO: Command line argument: -Djava.endorsed.dirs=C:\jenkins_software\Apache-Tomcat\endorsed
Sep 25, 2019 5:03:53 PM org.apache.catalina.startup.VersionLoggerListener log
INFO: Command line argument: -Djava.io.tmpdir=C:\jenkins_software\Apache-Tomcat\temp
Sep 25, 2019 5:03:53 PM org.apache.catalina.startup.VersionLoggerListener log
INFO: Command line argument: -Djava.util.logging.manager=org.apache.juli.ClassLoaderLogManager
Sep 25, 2019 5:03:53 PM org.apache.catalina.startup.VersionLoggerListener log
INFO: Command line argument: -Djava.util.logging.config.file=C:\jenkins_software\Apache-Tomcat\conf\logging.properties
Sep 25, 2019 5:03:53 PM org.apache.catalina.startup.VersionLoggerListener log
INFO: Command line argument: exit
Sep 25, 2019 5:03:53 PM org.apache.catalina.startup.VersionLoggerListener log
INFO: Command line argument: -Xms128m
Sep 25, 2019 5:03:53 PM org.apache.catalina.startup.VersionLoggerListener log
INFO: Command line argument: -Xmx256m
Sep 25, 2019 5:03:53 PM org.apache.catalina.core.AprLifecycleListener lifecycleEvent
INFO: The APR based Apache Tomcat Native library which allows optimal performance in production environments was not found on the java.library.path: C:\jenkins_software\Apache-Tomcat\bin;C:\windows\Sun\Java\bin;C:\windows\system32;C:\windows;C:\Program Files (x86)\Common Files\Oracle\Java\javapath;C:\windows\system32;C:\windows;C:\windows\System32\Wbem;C:\windows\System32\WindowsPowerShell\v1.0\;C:\windows\System32\OpenSSH\;C:\Program Files\PuTTY\;C:\windows\system32\config\systemprofile\AppData\Local\Microsoft\WindowsApps;.
Sep 25, 2019 5:03:55 PM org.apache.coyote.AbstractProtocol init
INFO: Initializing ProtocolHandler ["http-bio-8085"]
Sep 25, 2019 5:03:55 PM org.apache.coyote.AbstractProtocol init
INFO: Initializing ProtocolHandler ["ajp-bio-8009"]
Sep 25, 2019 5:03:55 PM org.apache.catalina.startup.Catalina load
INFO: Initialization processed in 6827 ms
Sep 25, 2019 5:03:55 PM org.apache.catalina.core.StandardService startInternal
INFO: Starting service Catalina
Sep 25, 2019 5:03:55 PM org.apache.catalina.core.StandardEngine startInternal
INFO: Starting Servlet Engine: Apache Tomcat/7.0.68
Sep 25, 2019 5:03:55 PM org.apache.catalina.startup.HostConfig deployDirectory
INFO: Deploying web application directory C:\jenkins_software\Apache-Tomcat\webapps\docs
Sep 25, 2019 5:03:56 PM org.apache.catalina.util.SessionIdGeneratorBase createSecureRandom
INFO: Creation of SecureRandom instance for session ID generation using [SHA1PRNG] took [140] milliseconds.
Sep 25, 2019 5:03:56 PM org.apache.catalina.startup.HostConfig deployDirectory
INFO: Deployment of web application directory C:\jenkins_software\Apache-Tomcat\webapps\docs has finished in 828 ms
Sep 25, 2019 5:03:56 PM org.apache.catalina.startup.HostConfig deployDirectory
INFO: Deploying web application directory C:\jenkins_software\Apache-Tomcat\webapps\manager
Sep 25, 2019 5:03:56 PM org.apache.catalina.startup.HostConfig deployDirectory
INFO: Deployment of web application directory C:\jenkins_software\Apache-Tomcat\webapps\manager has finished in 109 ms
Sep 25, 2019 5:03:56 PM org.apache.catalina.startup.HostConfig deployDirectory
INFO: Deploying web application directory C:\jenkins_software\Apache-Tomcat\webapps\ROOT
Sep 25, 2019 5:03:56 PM org.apache.catalina.startup.HostConfig deployDirectory
INFO: Deployment of web application directory C:\jenkins_software\Apache-Tomcat\webapps\ROOT has finished in 78 ms
Sep 25, 2019 5:03:56 PM org.apache.coyote.AbstractProtocol start
INFO: Starting ProtocolHandler ["http-bio-8085"]
Sep 25, 2019 5:03:56 PM org.apache.coyote.AbstractProtocol start
INFO: Starting ProtocolHandler ["ajp-bio-8009"]
Sep 25, 2019 5:03:56 PM org.apache.catalina.startup.Catalina start
INFO: Server startup in 1107 ms
Sep 25, 2019 7:27:56 PM org.apache.coyote.AbstractProtocol pause
INFO: Pausing ProtocolHandler ["http-bio-8085"]
Sep 25, 2019 7:27:56 PM org.apache.coyote.AbstractProtocol pause
INFO: Pausing ProtocolHandler ["ajp-bio-8009"]
Sep 25, 2019 7:27:56 PM org.apache.catalina.core.StandardService stopInternal
INFO: Stopping service Catalina
Sep 25, 2019 7:27:56 PM org.apache.coyote.AbstractProtocol stop
INFO: Stopping ProtocolHandler ["http-bio-8085"]
Sep 25, 2019 7:27:56 PM org.apache.coyote.AbstractProtocol stop
INFO: Stopping ProtocolHandler ["ajp-bio-8009"]
