[2019-09-25 17:03:27] [info]  [15236] Commons Daemon procrun (1.0.15.0 64-bit) started
[2019-09-25 17:03:27] [info]  [15236] Service Tomcat7 name Apache Tomcat 7.0 Tomcat7
[2019-09-25 17:03:27] [info]  [15236] Service 'Tomcat7' installed
[2019-09-25 17:03:27] [info]  [15236] Commons Daemon procrun finished
[2019-09-25 17:03:29] [info]  [16152] Commons Daemon procrun (1.0.15.0 64-bit) started
[2019-09-25 17:03:29] [info]  [16152] Updating service...
[2019-09-25 17:03:30] [info]  [16152] Service 'Tomcat7' updated
[2019-09-25 17:03:30] [info]  [16152] Update service finished.
[2019-09-25 17:03:30] [info]  [16152] Commons Daemon procrun finished
[2019-09-25 17:03:30] [info]  [ 9480] Commons Daemon procrun (1.0.15.0 64-bit) started
[2019-09-25 17:03:30] [info]  [ 9480] Updating service...
[2019-09-25 17:03:30] [info]  [ 9480] Service 'Tomcat7' updated
[2019-09-25 17:03:30] [info]  [ 9480] Update service finished.
[2019-09-25 17:03:30] [info]  [ 9480] Commons Daemon procrun finished
[2019-09-25 17:03:31] [info]  [ 6456] Commons Daemon procrun (1.0.15.0 64-bit) started
[2019-09-25 17:03:31] [info]  [ 6456] Updating service...
[2019-09-25 17:03:31] [info]  [ 6456] Service 'Tomcat7' updated
[2019-09-25 17:03:31] [info]  [ 6456] Update service finished.
[2019-09-25 17:03:31] [info]  [ 6456] Commons Daemon procrun finished
[2019-09-25 17:03:44] [info]  [14320] Commons Daemon procrun (1.0.15.0 64-bit) started
[2019-09-25 17:03:45] [info]  [14320] Running 'Tomcat7' Service...
[2019-09-25 17:03:45] [info]  [10676] Starting service...
[2019-09-25 17:03:48] [info]  [10676] Service started in 3150 ms.
[2019-09-25 19:27:56] [info]  [ 1896] Console SHUTDOWN event signaled
[2019-09-25 19:27:56] [info]  [ 1896] Stopping service...
[2019-09-25 19:27:57] [info]  [ 1896] Service stop thread completed.
[2019-09-25 19:27:57] [info]  [14320] Run service finished.
[2019-09-25 19:27:57] [info]  [14320] Commons Daemon procrun finished
